<?xml version="1.0" encoding="UTF-8"?>
<testsuite xmlns:xsi="http://www.w3.org/2001/XMLSchema-instance" xsi:noNamespaceSchemaLocation="https://maven.apache.org/surefire/maven-surefire-plugin/xsd/surefire-test-report-3.0.xsd" version="3.0" name="test.TestSchema" time="5.899" tests="3" errors="0" skipped="0" failures="2">
  <properties>
[...]
</properties>
  <testcase name="validateDueOn" classname="test.TestSchema" time="3.427">
    <failure message="All dates should be after today&#10;Expected: is &lt;true&gt;&#10;     but: was &lt;false&gt;" type="java.lang.AssertionError"><![CDATA[java.lang.AssertionError: 
All dates should be after today
Expected: is <true>
     but: was <false>
	at org.hamcrest.MatcherAssert.assertThat(MatcherAssert.java:20)
	at test.TestSchema.validateDueOn(TestSchema.java:53)
	at java.base/jdk.internal.reflect.NativeMethodAccessorImpl.invoke0(Native Method)
	at java.base/jdk.internal.reflect.NativeMethodAccessorImpl.invoke(NativeMethodAccessorImpl.java:77)
	at java.base/jdk.internal.reflect.DelegatingMethodAccessorImpl.invoke(DelegatingMethodAccessorImpl.java:43)
	at java.base/java.lang.reflect.Method.invoke(Method.java:568)
	at org.junit.runners.model.FrameworkMethod$1.runReflectiveCall(FrameworkMethod.java:59)
	at org.junit.internal.runners.model.ReflectiveCallable.run(ReflectiveCallable.java:12)
	at org.junit.runners.model.FrameworkMethod.invokeExplosively(FrameworkMethod.java:56)
	at org.junit.internal.runners.statements.InvokeMethod.evaluate(InvokeMethod.java:17)
	at org.junit.runners.ParentRunner$3.evaluate(ParentRunner.java:306)
	at org.junit.runners.BlockJUnit4ClassRunner$1.evaluate(BlockJUnit4ClassRunner.java:100)
	at org.junit.runners.ParentRunner.runLeaf(ParentRunner.java:366)
	at org.junit.runners.BlockJUnit4ClassRunner.runChild(BlockJUnit4ClassRunner.java:103)
	at org.junit.runners.BlockJUnit4ClassRunner.runChild(BlockJUnit4ClassRunner.java:63)
	at org.junit.runners.ParentRunner$4.run(ParentRunner.java:331)
	at org.junit.runners.ParentRunner$1.schedule(ParentRunner.java:79)
	at org.junit.runners.ParentRunner.runChildren(ParentRunner.java:329)
	at org.junit.runners.ParentRunner.access$100(ParentRunner.java:66)
	at org.junit.runners.ParentRunner$2.evaluate(ParentRunner.java:293)
	at org.junit.runners.ParentRunner$3.evaluate(ParentRunner.java:306)
	at org.junit.runners.ParentRunner.run(ParentRunner.java:413)
	at org.apache.maven.surefire.junit4.JUnit4Provider.execute(JUnit4Provider.java:316)
	at org.apache.maven.surefire.junit4.JUnit4Provider.executeWithRerun(JUnit4Provider.java:240)
	at org.apache.maven.surefire.junit4.JUnit4Provider.executeTestSet(JUnit4Provider.java:214)
	at org.apache.maven.surefire.junit4.JUnit4Provider.invoke(JUnit4Provider.java:155)
	at org.apache.maven.surefire.booter.ForkedBooter.runSuitesInProcess(ForkedBooter.java:385)
	at org.apache.maven.surefire.booter.ForkedBooter.execute(ForkedBooter.java:162)
	at org.apache.maven.surefire.booter.ForkedBooter.run(ForkedBooter.java:507)
	at org.apache.maven.surefire.booter.ForkedBooter.main(ForkedBooter.java:495)
]]></failure>
  </testcase>
  <testcase name="validateStatusCompleted" classname="test.TestSchema" time="0.744">
    <failure message="1 expectation failed.&#10;JSON path status doesn&apos;t match.&#10;Expected: not a collection containing &quot;pending&quot;&#10;  Actual: &lt;[pending, pending, completed, pending, completed, pending, completed, pending, pending, pending]&gt;&#10;" type="java.lang.AssertionError"><![CDATA[java.lang.AssertionError: 
1 expectation failed.
JSON path status doesn't match.
Expected: not a collection containing "pending"
  Actual: <[pending, pending, completed, pending, completed, pending, completed, pending, pending, pending]>

	at java.base/jdk.internal.reflect.NativeConstructorAccessorImpl.newInstance0(Native Method)
	at java.base/jdk.internal.reflect.NativeConstructorAccessorImpl.newInstance(NativeConstructorAccessorImpl.java:77)
	at java.base/jdk.internal.reflect.DelegatingConstructorAccessorImpl.newInstance(DelegatingConstructorAccessorImpl.java:45)
	at java.base/java.lang.reflect.Constructor.newInstanceWithCaller(Constructor.java:499)
	at java.base/java.lang.reflect.Constructor.newInstance(Constructor.java:480)
	at org.codehaus.groovy.reflection.CachedConstructor.invoke(CachedConstructor.java:73)
	at org.codehaus.groovy.runtime.callsite.ConstructorSite$ConstructorSiteNoUnwrapNoCoerce.callConstructor(ConstructorSite.java:108)
	at org.codehaus.groovy.runtime.callsite.CallSiteArray.defaultCallConstructor(CallSiteArray.java:57)
	at org.codehaus.groovy.runtime.callsite.AbstractCallSite.callConstructor(AbstractCallSite.java:263)
	at org.codehaus.groovy.runtime.callsite.AbstractCallSite.callConstructor(AbstractCallSite.java:277)
	at io.restassured.internal.ResponseSpecificationImpl$HamcrestAssertionClosure.validate(ResponseSpecificationImpl.groovy:512)
	at io.restassured.internal.ResponseSpecificationImpl$HamcrestAssertionClosure$validate$1.call(Unknown Source)
	at org.codehaus.groovy.runtime.callsite.CallSiteArray.defaultCall(CallSiteArray.java:45)
	at org.codehaus.groovy.runtime.callsite.AbstractCallSite.call(AbstractCallSite.java:125)
	at org.codehaus.groovy.runtime.callsite.AbstractCallSite.call(AbstractCallSite.java:139)
	at io.restassured.internal.ResponseSpecificationImpl.validateResponseIfRequired(ResponseSpecificationImpl.groovy:696)
	at io.restassured.internal.ResponseSpecificationImpl.this$2$validateResponseIfRequired(ResponseSpecificationImpl.groovy)
	at java.base/jdk.internal.reflect.NativeMethodAccessorImpl.invoke0(Native Method)
	at java.base/jdk.internal.reflect.NativeMethodAccessorImpl.invoke(NativeMethodAccessorImpl.java:77)
	at java.base/jdk.internal.reflect.DelegatingMethodAccessorImpl.invoke(DelegatingMethodAccessorImpl.java:43)
	at java.base/java.lang.reflect.Method.invoke(Method.java:568)
	at org.codehaus.groovy.runtime.callsite.PlainObjectMetaMethodSite.doInvoke(PlainObjectMetaMethodSite.java:43)
	at org.codehaus.groovy.runtime.callsite.PogoMetaMethodSite$PogoCachedMethodSiteNoUnwrapNoCoerce.invoke(PogoMetaMethodSite.java:198)
	at org.codehaus.groovy.runtime.callsite.PogoMetaMethodSite.callCurrent(PogoMetaMethodSite.java:62)
	at org.codehaus.groovy.runtime.callsite.CallSiteArray.defaultCallCurrent(CallSiteArray.java:49)
	at org.codehaus.groovy.runtime.callsite.AbstractCallSite.callCurrent(AbstractCallSite.java:171)
	at org.codehaus.groovy.runtime.callsite.AbstractCallSite.callCurrent(AbstractCallSite.java:185)
	at io.restassured.internal.ResponseSpecificationImpl.body(ResponseSpecificationImpl.groovy:270)
	at io.restassured.specification.ResponseSpecification$body$0.callCurrent(Unknown Source)
	at org.codehaus.groovy.runtime.callsite.CallSiteArray.defaultCallCurrent(CallSiteArray.java:49)
	at org.codehaus.groovy.runtime.callsite.AbstractCallSite.callCurrent(AbstractCallSite.java:171)
	at org.codehaus.groovy.runtime.callsite.AbstractCallSite.callCurrent(AbstractCallSite.java:212)
	at io.restassured.internal.ResponseSpecificationImpl.body(ResponseSpecificationImpl.groovy:117)
	at io.restassured.internal.ValidatableResponseOptionsImpl.body(ValidatableResponseOptionsImpl.java:244)
	at test.TestSchema.validateStatusCompleted(TestSchema.java:40)
	at java.base/jdk.internal.reflect.NativeMethodAccessorImpl.invoke0(Native Method)
	at java.base/jdk.internal.reflect.NativeMethodAccessorImpl.invoke(NativeMethodAccessorImpl.java:77)
	at java.base/jdk.internal.reflect.DelegatingMethodAccessorImpl.invoke(DelegatingMethodAccessorImpl.java:43)
	at java.base/java.lang.reflect.Method.invoke(Method.java:568)
	at org.junit.runners.model.FrameworkMethod$1.runReflectiveCall(FrameworkMethod.java:59)
	at org.junit.internal.runners.model.ReflectiveCallable.run(ReflectiveCallable.java:12)
	at org.junit.runners.model.FrameworkMethod.invokeExplosively(FrameworkMethod.java:56)
	at org.junit.internal.runners.statements.InvokeMethod.evaluate(InvokeMethod.java:17)
	at org.junit.runners.ParentRunner$3.evaluate(ParentRunner.java:306)
	at org.junit.runners.BlockJUnit4ClassRunner$1.evaluate(BlockJUnit4ClassRunner.java:100)
	at org.junit.runners.ParentRunner.runLeaf(ParentRunner.java:366)
	at org.junit.runners.BlockJUnit4ClassRunner.runChild(BlockJUnit4ClassRunner.java:103)
	at org.junit.runners.BlockJUnit4ClassRunner.runChild(BlockJUnit4ClassRunner.java:63)
	at org.junit.runners.ParentRunner$4.run(ParentRunner.java:331)
	at org.junit.runners.ParentRunner$1.schedule(ParentRunner.java:79)
	at org.junit.runners.ParentRunner.runChildren(ParentRunner.java:329)
	at org.junit.runners.ParentRunner.access$100(ParentRunner.java:66)
	at org.junit.runners.ParentRunner$2.evaluate(ParentRunner.java:293)
	at org.junit.runners.ParentRunner$3.evaluate(ParentRunner.java:306)
	at org.junit.runners.ParentRunner.run(ParentRunner.java:413)
	at org.apache.maven.surefire.junit4.JUnit4Provider.execute(JUnit4Provider.java:316)
	at org.apache.maven.surefire.junit4.JUnit4Provider.executeWithRerun(JUnit4Provider.java:240)
	at org.apache.maven.surefire.junit4.JUnit4Provider.executeTestSet(JUnit4Provider.java:214)
	at org.apache.maven.surefire.junit4.JUnit4Provider.invoke(JUnit4Provider.java:155)
	at org.apache.maven.surefire.booter.ForkedBooter.runSuitesInProcess(ForkedBooter.java:385)
	at org.apache.maven.surefire.booter.ForkedBooter.execute(ForkedBooter.java:162)
	at org.apache.maven.surefire.booter.ForkedBooter.run(ForkedBooter.java:507)
	at org.apache.maven.surefire.booter.ForkedBooter.main(ForkedBooter.java:495)
]]></failure>
    <system-out><![CDATA[HTTP/1.1 200 OK
Date: Fri, 31 May 2024 02:00:21 GMT
Content-Type: application/json; charset=utf-8
Transfer-Encoding: chunked
Connection: keep-alive
Cache-Control: max-age=0, private, must-revalidate
etag: W/"e39a1cdcdb6d417678d32d691e1cf965"
referrer-policy: strict-origin-when-cross-origin
vary: Origin
x-content-type-options: nosniff
x-download-options: noopen
x-frame-options: SAMEORIGIN
x-links-current: https://gorest.co.in/public/v2/todos?page=1
x-links-next: https://gorest.co.in/public/v2/todos?page=2
x-links-previous: 
x-pagination-limit: 10
x-pagination-page: 1
x-pagination-pages: 140
x-pagination-total: 1394
x-permitted-cross-domain-policies: none
x-request-id: 63fa1831-4cd3-4681-8eba-8f76e8b7ce3e
x-runtime: 0.178593
x-xss-protection: 0
CF-Cache-Status: DYNAMIC
Report-To: {"endpoints":[{"url":"https:\/\/a.nel.cloudflare.com\/report\/v4?s=36xY1qLHG0p4HHRrUvzYfXp43mNUHDFL60EDX0L0Ii489mzAy0lIctoE9x3xKP5pheVjKX%2BqwTJE1uuSh4hGSU5iIKrgj7ZVIRq4G7A0IzuuB3oO2qoCMIr2xpbM05I%3D"}],"group":"cf-nel","max_age":604800}
NEL: {"success_fraction":0,"report_to":"cf-nel","max_age":604800}
Server: cloudflare
CF-RAY: 88c35eac3b3b6467-GIG
Content-Encoding: gzip
alt-svc: h3=":443"; ma=86400

[
    {
        "id": 51635,
        "user_id": 6930072,
        "title": "Brevis vis cernuus tantillus adficio repellat.",
        "due_on": "2024-06-01T00:00:00.000+05:30",
        "status": "pending"
    },
    {
        "id": 51634,
        "user_id": 6930065,
        "title": "Clementia stella quidem spes civitas delectatio sumo nobis.",
        "due_on": "2024-06-12T00:00:00.000+05:30",
        "status": "pending"
    },
    {
        "id": 51633,
        "user_id": 6930063,
        "title": "Ademptio summisse copia tandem turpis.",
        "due_on": "2024-06-17T00:00:00.000+05:30",
        "status": "completed"
    },
    {
        "id": 51625,
        "user_id": 6930053,
        "title": "Congregatio curis voluptatem voluntarius et dedico.",
        "due_on": "2024-06-15T00:00:00.000+05:30",
        "status": "pending"
    },
    {
        "id": 51623,
        "user_id": 6930049,
        "title": "Auctus talus aggero varietas vigilo capillus quia subnecto.",
        "due_on": "2024-06-08T00:00:00.000+05:30",
        "status": "completed"
    },
    {
        "id": 51621,
        "user_id": 6930043,
        "title": "Ut sursum varius bardus fugit adsum curis tero volup.",
        "due_on": "2024-05-29T00:00:00.000+05:30",
        "status": "pending"
    },
    {
        "id": 51620,
        "user_id": 6930041,
        "title": "Vivo beatae cado avoco territo adinventitias timidus aut fugit.",
        "due_on": "2024-06-24T00:00:00.000+05:30",
        "status": "completed"
    },
    {
        "id": 51619,
        "user_id": 6930037,
        "title": "Tamisium absens vere supra alo copia viduata conforto.",
        "due_on": "2024-06-21T00:00:00.000+05:30",
        "status": "pending"
    },
    {
        "id": 51618,
        "user_id": 6930035,
        "title": "Arbor temeritas coruscus adsum utor non ullam sublime.",
        "due_on": "2024-05-31T00:00:00.000+05:30",
        "status": "pending"
    },
    {
        "id": 51617,
        "user_id": 6930034,
        "title": "Concedo valeo crapula tres vilicus.",
        "due_on": "2024-06-08T00:00:00.000+05:30",
        "status": "pending"
    }
]
]]></system-out>
  </testcase>
  <testcase name="testSchema" classname="test.TestSchema" time="1.658">
    <system-out><![CDATA[HTTP/1.1 200 OK
Date: Fri, 31 May 2024 02:00:22 GMT
Content-Type: application/json; charset=utf-8
Transfer-Encoding: chunked
Connection: keep-alive
Cache-Control: max-age=0, private, must-revalidate
etag: W/"e39a1cdcdb6d417678d32d691e1cf965"
referrer-policy: strict-origin-when-cross-origin
vary: Origin
x-content-type-options: nosniff
x-download-options: noopen
x-frame-options: SAMEORIGIN
x-links-current: https://gorest.co.in/public/v2/todos?page=1
x-links-next: https://gorest.co.in/public/v2/todos?page=2
x-links-previous: 
x-pagination-limit: 10
x-pagination-page: 1
x-pagination-pages: 140
x-pagination-total: 1394
x-permitted-cross-domain-policies: none
x-request-id: 3ef897f9-485a-49de-abcd-c539a0eb9c03
x-runtime: 0.031424
x-xss-protection: 0
CF-Cache-Status: DYNAMIC
Report-To: {"endpoints":[{"url":"https:\/\/a.nel.cloudflare.com\/report\/v4?s=Q9N1XjhTwE7Od9PB7MAeoLRRV7%2BLBc57OyarNiNMCzhxzAgEFdSlkwTgD5YWW0YB4%2BUrMcM3ruSvz5oft5YeHkU61DMoGH1MxHJNn%2BVVXFQ4%2FyWih6pgTt2i1aTzXM0%3D"}],"group":"cf-nel","max_age":604800}
NEL: {"success_fraction":0,"report_to":"cf-nel","max_age":604800}
Server: cloudflare
CF-RAY: 88c35eb0dbd67a6a-GIG
Content-Encoding: gzip
alt-svc: h3=":443"; ma=86400

[
    {
        "id": 51635,
        "user_id": 6930072,
        "title": "Brevis vis cernuus tantillus adficio repellat.",
        "due_on": "2024-06-01T00:00:00.000+05:30",
        "status": "pending"
    },
    {
        "id": 51634,
        "user_id": 6930065,
        "title": "Clementia stella quidem spes civitas delectatio sumo nobis.",
        "due_on": "2024-06-12T00:00:00.000+05:30",
        "status": "pending"
    },
    {
        "id": 51633,
        "user_id": 6930063,
        "title": "Ademptio summisse copia tandem turpis.",
        "due_on": "2024-06-17T00:00:00.000+05:30",
        "status": "completed"
    },
    {
        "id": 51625,
        "user_id": 6930053,
        "title": "Congregatio curis voluptatem voluntarius et dedico.",
        "due_on": "2024-06-15T00:00:00.000+05:30",
        "status": "pending"
    },
    {
        "id": 51623,
        "user_id": 6930049,
        "title": "Auctus talus aggero varietas vigilo capillus quia subnecto.",
        "due_on": "2024-06-08T00:00:00.000+05:30",
        "status": "completed"
    },
    {
        "id": 51621,
        "user_id": 6930043,
        "title": "Ut sursum varius bardus fugit adsum curis tero volup.",
        "due_on": "2024-05-29T00:00:00.000+05:30",
        "status": "pending"
    },
    {
        "id": 51620,
        "user_id": 6930041,
        "title": "Vivo beatae cado avoco territo adinventitias timidus aut fugit.",
        "due_on": "2024-06-24T00:00:00.000+05:30",
        "status": "completed"
    },
    {
        "id": 51619,
        "user_id": 6930037,
        "title": "Tamisium absens vere supra alo copia viduata conforto.",
        "due_on": "2024-06-21T00:00:00.000+05:30",
        "status": "pending"
    },
    {
        "id": 51618,
        "user_id": 6930035,
        "title": "Arbor temeritas coruscus adsum utor non ullam sublime.",
        "due_on": "2024-05-31T00:00:00.000+05:30",
        "status": "pending"
    },
    {
        "id": 51617,
        "user_id": 6930034,
        "title": "Concedo valeo crapula tres vilicus.",
        "due_on": "2024-06-08T00:00:00.000+05:30",
        "status": "pending"
    }
]
]]></system-out>
  </testcase>
</testsuite>